  Application.cpp
\\bournemouth.ac.uk\data\student\home\scitech\s5005265\desktop\y2s1\physics\pfg-startproject - copy\pfg-startproject\src\application.cpp(15): warning C4305: 'initializing': truncation from 'double' to 'float'
\\bournemouth.ac.uk\data\student\home\scitech\s5005265\desktop\y2s1\physics\pfg-startproject - copy\pfg-startproject\src\application.cpp(168): warning C4244: 'argument': conversion from 'double' to 'float', possible loss of data
  Camera.cpp
  GameObject.cpp
  Input.cpp
\\bournemouth.ac.uk\data\student\home\scitech\s5005265\desktop\y2s1\physics\pfg-startproject - copy\pfg-startproject\src\input.cpp(99): warning C4018: '<': signed/unsigned mismatch
\\bournemouth.ac.uk\data\student\home\scitech\s5005265\desktop\y2s1\physics\pfg-startproject - copy\pfg-startproject\src\input.cpp(111): warning C4018: '<': signed/unsigned mismatch
\\bournemouth.ac.uk\data\student\home\scitech\s5005265\desktop\y2s1\physics\pfg-startproject - copy\pfg-startproject\src\input.cpp(123): warning C4018: '<': signed/unsigned mismatch
  Main.cpp
  Material.cpp
  Mesh.cpp
  Scene.cpp
\\bournemouth.ac.uk\data\student\home\scitech\s5005265\desktop\y2s1\physics\pfg-startproject - copy\pfg-startproject\src\scene.cpp(82): warning C4305: '=': truncation from 'double' to 'float'
  glew.c
  Generating code
\\bournemouth.ac.uk\data\student\home\scitech\s5005265\desktop\y2s1\physics\pfg-startproject - copy\pfg-startproject\src\scene.cpp : fatal error C1001: An internal error has occurred in the compiler.
  (compiler file 'f:\dd\vctools\compiler\utc\src\p2\main.c', line 260)
   To work around this problem, try simplifying or changing the program near the locations listed above.
  Please choose the Technical Support command on the Visual C++ 
   Help menu, or open the Technical Support help file for more information
    link!InvokeCompilerPass()+0x30e23
    link!InvokeCompilerPass()+0x2029f
    link!InvokeCompilerPass()+0x2076b
    link!InvokeCompilerPass()+0x20690
    link!CloseTypeServerPDB()+0x16a793
    link!InvokeCompilerPassW()+0x548
    link!InvokeCompilerPassW()+0x424
  
\\bournemouth.ac.uk\data\student\home\scitech\s5005265\desktop\y2s1\physics\pfg-startproject - copy\pfg-startproject\src\scene.cpp : fatal error C1001: An internal error has occurred in the compiler.
  (compiler file 'f:\dd\vctools\compiler\utc\src\p2\main.c', line 260)
   To work around this problem, try simplifying or changing the program near the locations listed above.
  Please choose the Technical Support command on the Visual C++ 
   Help menu, or open the Technical Support help file for more information
    link!InvokeCompilerPass()+0x30e23
    link!InvokeCompilerPass()+0x2029f
    link!InvokeCompilerPass()+0x2076b
    link!InvokeCompilerPass()+0x20690
    link!CloseTypeServerPDB()+0x16a793
    link!InvokeCompilerPassW()+0x548
    link!InvokeCompilerPassW()+0x424
  
  
LINK : fatal error LNK1000: Internal error during IMAGE::BuildImage
  
    Version 14.14.26428.1
  
    ExceptionCode            = C0000005
    ExceptionFlags           = 00000000
    ExceptionAddress         = 598E2897 (59440000) "C:\Program Files (x86)\Microsoft Visual Studio\2017\Professional\VC\Tools\MSVC\14.14.26428\bin\HostX86\x86\c2.dll"
    NumberParameters         = 00000002
    ExceptionInformation[ 0] = 00000000
    ExceptionInformation[ 1] = 35241174
  
  CONTEXT:
    Eax    = 0D49045E  Esp    = 0137EA80
    Ebx    = 0D49047C  Ebp    = 0137EA90
    Ecx    = 072101F4  Esi    = 072101F4
    Edx    = 00000000  Edi    = 100000EF
    Eip    = 598E2897  EFlags = 00010202
    SegCs  = 00000023  SegDs  = 0000002B
    SegSs  = 0000002B  SegEs  = 0000002B
    SegFs  = 00000053  SegGs  = 0000002B
    Dr0    = 00000000  Dr3    = 00000000
    Dr1    = 00000000  Dr6    = 00000000
    Dr2    = 00000000  Dr7    = 00000000
  CTIPlugin::InvokeCallback=APPCRASHCTIPlugin::InvokeCallback=APPCRASHCTIPlugin::InvokeCallback=APPCRASHCTIPlugin::InvokeCallback=APPCRASHCTIPlugin::InvokeCallback=APPCRASHCTIPlugin::InvokeCallback=APPCRASH
